Using pre-set license
Built from '2022.3/release' branch; Version is '2022.3.20f1 (61c2feb0970d) revision 6406910'; Using compiler version '192829333'; Build Type 'Release'
OS: 'Windows 11  (10.0.22631) 64bit Core' Language: 'ru' Physical Memory: 7959 MB
BatchMode: 1, IsHumanControllingUs: 0, StartBugReporterOnCrash: 0, Is64bit: 1, IsPro: 1

COMMAND LINE ARGUMENTS:
C:\Program Files\Unity\Hub\Editor\2022.3.20f1\Editor\Unity.exe
-adb2
-batchMode
-noUpm
-name
AssetImportWorker0
-projectPath
C:/Projects/Portfolio/Portfolio_ProBuilder/Portfolio_ProBuilder
-logFile
Logs/AssetImportWorker0.log
-srvPort
59254
Successfully changed project path to: C:/Projects/Portfolio/Portfolio_ProBuilder/Portfolio_ProBuilder
C:/Projects/Portfolio/Portfolio_ProBuilder/Portfolio_ProBuilder
[UnityMemory] Configuration Parameters - Can be set up in boot.config
    "memorysetup-bucket-allocator-granularity=16"
    "memorysetup-bucket-allocator-bucket-count=8"
    "memorysetup-bucket-allocator-block-size=33554432"
    "memorysetup-bucket-allocator-block-count=8"
    "memorysetup-main-allocator-block-size=16777216"
    "memorysetup-thread-allocator-block-size=16777216"
    "memorysetup-gfx-main-allocator-block-size=16777216"
    "memorysetup-gfx-thread-allocator-block-size=16777216"
    "memorysetup-cache-allocator-block-size=4194304"
    "memorysetup-typetree-allocator-block-size=2097152"
    "memorysetup-profiler-bucket-allocator-granularity=16"
    "memorysetup-profiler-bucket-allocator-bucket-count=8"
    "memorysetup-profiler-bucket-allocator-block-size=33554432"
    "memorysetup-profiler-bucket-allocator-block-count=8"
    "memorysetup-profiler-allocator-block-size=16777216"
    "memorysetup-profiler-editor-allocator-block-size=1048576"
    "memorysetup-temp-allocator-size-main=16777216"
    "memorysetup-job-temp-allocator-block-size=2097152"
    "memorysetup-job-temp-allocator-block-size-background=1048576"
    "memorysetup-job-temp-allocator-reduction-small-platforms=262144"
    "memorysetup-allocator-temp-initial-block-size-main=262144"
    "memorysetup-allocator-temp-initial-block-size-worker=262144"
    "memorysetup-temp-allocator-size-background-worker=32768"
    "memorysetup-temp-allocator-size-job-worker=262144"
    "memorysetup-temp-allocator-size-preload-manager=33554432"
    "memorysetup-temp-allocator-size-nav-mesh-worker=65536"
    "memorysetup-temp-allocator-size-audio-worker=65536"
    "memorysetup-temp-allocator-size-cloud-worker=32768"
    "memorysetup-temp-allocator-size-gi-baking-worker=262144"
    "memorysetup-temp-allocator-size-gfx=262144"
Player connection [9984] Host "[IP] 192.168.0.102 [Port] 0 [Flags] 2 [Guid] 1881317101 [EditorId] 1881317101 [Version] 1048832 [Id] WindowsEditor(7,LAPTOP-6UT9UHGC) [Debug] 1 [PackageName] WindowsEditor [ProjectName] Editor" joined multi-casting on [225.0.0.222:54997]...

Player connection [9984] Host "[IP] 192.168.0.102 [Port] 0 [Flags] 2 [Guid] 1881317101 [EditorId] 1881317101 [Version] 1048832 [Id] WindowsEditor(7,LAPTOP-6UT9UHGC) [Debug] 1 [PackageName] WindowsEditor [ProjectName] Editor" joined alternative multi-casting on [225.0.0.222:34997]...

[Physics::Module] Initialized MultithreadedJobDispatcher with 11 workers.
Refreshing native plugins compatible for Editor in 8.32 ms, found 6 plugins.
Preloading 0 native plugins for Editor in 0.00 ms.
Initialize engine version: 2022.3.20f1 (61c2feb0970d)
[Subsystems] Discovering subsystems at path C:/Program Files/Unity/Hub/Editor/2022.3.20f1/Editor/Data/Resources/UnitySubsystems
[Subsystems] Discovering subsystems at path C:/Projects/Portfolio/Portfolio_ProBuilder/Portfolio_ProBuilder/Assets
GfxDevice: creating device client; threaded=0; jobified=0
Direct3D:
    Version:  Direct3D 11.0 [level 11.1]
    Renderer: NVIDIA GeForce RTX 3050 Laptop GPU (ID=0x25e2)
    Vendor:   NVIDIA
    VRAM:     3977 MB
    Driver:   31.0.15.4630
Initialize mono
Mono path[0] = 'C:/Program Files/Unity/Hub/Editor/2022.3.20f1/Editor/Data/Managed'
Mono path[1] = 'C:/Program Files/Unity/Hub/Editor/2022.3.20f1/Editor/Data/MonoBleedingEdge/lib/mono/unityjit-win32'
Mono config path = 'C:/Program Files/Unity/Hub/Editor/2022.3.20f1/Editor/Data/MonoBleedingEdge/etc'
Using monoOptions --debugger-agent=transport=dt_socket,embedding=1,server=y,suspend=n,address=127.0.0.1:56812
Begin MonoManager ReloadAssembly
Registering precompiled unity dll's ...
Register platform support module: C:/Program Files/Unity/Hub/Editor/2022.3.20f1/Editor/Data/PlaybackEngines/AndroidPlayer/UnityEditor.Android.Extensions.dll
Register platform support module: C:/Program Files/Unity/Hub/Editor/2022.3.20f1/Editor/Data/PlaybackEngines/WindowsStandaloneSupport/UnityEditor.WindowsStandalone.Extensions.dll
Registered in 0.005318 seconds.
- Loaded All Assemblies, in  0.412 seconds
Native extension for WindowsStandalone target not found
Native extension for Android target not found
Android Extension - Scanning For ADB Devices 356 ms
Mono: successfully reloaded assembly
- Finished resetting the current domain, in  0.751 seconds
Domain Reload Profiling: 1162ms
	BeginReloadAssembly (136ms)
		ExecutionOrderSort (0ms)
		DisableScriptedObjects (0ms)
		BackupInstance (0ms)
		ReleaseScriptingObjects (0ms)
		CreateAndSetChildDomain (1ms)
	RebuildCommonClasses (36ms)
	RebuildNativeTypeToScriptingClass (10ms)
	initialDomainReloadingComplete (61ms)
	LoadAllAssembliesAndSetupDomain (168ms)
		LoadAssemblies (134ms)
		RebuildTransferFunctionScriptingTraits (0ms)
		AnalyzeDomain (165ms)
			TypeCache.Refresh (163ms)
				TypeCache.ScanAssembly (145ms)
			ScanForSourceGeneratedMonoScriptInfo (1ms)
			ResolveRequiredComponents (1ms)
	FinalizeReload (751ms)
		ReleaseScriptCaches (0ms)
		RebuildScriptCaches (0ms)
		SetupLoadedEditorAssemblies (684ms)
			LogAssemblyErrors (0ms)
			InitializePlatformSupportModulesInManaged (479ms)
			SetLoadedEditorAssemblies (5ms)
			RefreshPlugins (0ms)
			BeforeProcessingInitializeOnLoad (2ms)
			ProcessInitializeOnLoadAttributes (146ms)
			ProcessInitializeOnLoadMethodAttributes (52ms)
			AfterProcessingInitializeOnLoad (0ms)
			EditorAssembliesLoaded (0ms)
		ExecutionOrderSort2 (0ms)
		AwakeInstancesAfterBackupRestoration (0ms)
========================================================================
Worker process is ready to serve import requests
Begin MonoManager ReloadAssembly
- Loaded All Assemblies, in  0.970 seconds
Refreshing native plugins compatible for Editor in 3.90 ms, found 6 plugins.
Native extension for WindowsStandalone target not found
Native extension for Android target not found
Package Manager log level set to [2]
[Package Manager] Server::EnsureServerProcessIsRunning -- launch failed, reason: Unity was launched with the -noUpm command-line argument
[Package Manager] UpmClient::Send -- Unable to send message (not connected to UPM process).
[Package Manager] Cannot connect to Unity Package Manager local server
[Package Manager] Server::EnsureServerProcessIsRunning -- launch failed, reason: Unity was launched with the -noUpm command-line argument
[Package Manager] UpmClient::Send -- Unable to send message (not connected to UPM process).
[Package Manager] Cannot connect to Unity Package Manager local server
Mono: successfully reloaded assembly
- Finished resetting the current domain, in  0.785 seconds
Domain Reload Profiling: 1755ms
	BeginReloadAssembly (223ms)
		ExecutionOrderSort (0ms)
		DisableScriptedObjects (6ms)
		BackupInstance (0ms)
		ReleaseScriptingObjects (0ms)
		CreateAndSetChildDomain (38ms)
	RebuildCommonClasses (54ms)
	RebuildNativeTypeToScriptingClass (14ms)
	initialDomainReloadingComplete (44ms)
	LoadAllAssembliesAndSetupDomain (634ms)
		LoadAssemblies (480ms)
		RebuildTransferFunctionScriptingTraits (0ms)
		AnalyzeDomain (289ms)
			TypeCache.Refresh (248ms)
				TypeCache.ScanAssembly (220ms)
			ScanForSourceGeneratedMonoScriptInfo (33ms)
			ResolveRequiredComponents (6ms)
	FinalizeReload (786ms)
		ReleaseScriptCaches (0ms)
		RebuildScriptCaches (0ms)
		SetupLoadedEditorAssemblies (561ms)
			LogAssemblyErrors (0ms)
			InitializePlatformSupportModulesInManaged (19ms)
			SetLoadedEditorAssemblies (5ms)
			RefreshPlugins (0ms)
			BeforeProcessingInitializeOnLoad (63ms)
			ProcessInitializeOnLoadAttributes (415ms)
			ProcessInitializeOnLoadMethodAttributes (54ms)
			AfterProcessingInitializeOnLoad (4ms)
			EditorAssembliesLoaded (0ms)
		ExecutionOrderSort2 (0ms)
		AwakeInstancesAfterBackupRestoration (5ms)
Launched and connected shader compiler UnityShaderCompiler.exe after 0.06 seconds
Refreshing native plugins compatible for Editor in 6.09 ms, found 6 plugins.
Preloading 0 native plugins for Editor in 0.00 ms.
Unloading 5336 Unused Serialized files (Serialized files now loaded: 0)
Unloading 97 unused Assets / (2.1 MB). Loaded Objects now: 5779.
Memory consumption went from 202.8 MB to 200.7 MB.
Total: 8.283800 ms (FindLiveObjects: 1.045500 ms CreateObjectMapping: 0.533700 ms MarkObjects: 5.245500 ms  DeleteObjects: 1.456600 ms)

AssetImportParameters requested are different than current active one (requested -> active):
  custom:container-demuxer-ogg: 62fdf1f143b41e24485cea50d1cbac27 -> 
  custom:video-codec-MediaFoundation-h265: 746d11721c4dcdbdad8f713fa42b33f4 -> 
  custom:video-decoder-ogg-theora: a1e56fd34408186e4bbccfd4996cb3dc -> 
  custom:framework-win-MediaFoundation: 216162199b28c13a410421893ffa2e32 -> 
  custom:CustomObjectIndexerAttribute: 6d391050e5a25f67b0a2c618074f2cd9 -> 
  custom:container-demuxer-webm: 4f35f7cbe854078d1ac9338744f61a02 -> 
  custom:container-muxer-webm: aa71ff27fc2769a1b78a27578f13a17b -> 
  custom:video-decoder-webm-vp8: 9c59270c3fd7afecdb556c50c9e8de78 -> 
  custom:SearchIndexIgnoredProperties: e643bd26f0fe6173181afceb89e7c659 -> 
  custom:AudioImporter_EditorPlatform: d09bf68614088b80899f8185d706f6e7 -> 
  custom:video-encoder-webm-vp8: eb34c28f22e8b96e1ab97ce403110664 -> 
  custom:audio-decoder-ogg-vorbis: bf7c407c2cedff20999df2af8eb42d56 -> 
  custom:audio-encoder-webm-vorbis: bf7c407c2cedff20999df2af8eb42d56 -> 
========================================================================
Received Import Request.
  Time since last request: 97099.017599 seconds.
  path: Packages/com.unity.probuilder/Content/Resources/Materials/Collider.mat
  artifactKey: Guid(bbb235fff4f48426b863b36058ab66d2) Importer(815301076,1909f56bfc062723c751e8b465ee728b)
Start importing Packages/com.unity.probuilder/Content/Resources/Materials/Collider.mat using Guid(bbb235fff4f48426b863b36058ab66d2) Importer(815301076,1909f56bfc062723c751e8b465ee728b)  -> (artifact id: 'cab06762cbcd46cfd57171755095b261') in 0.095505 seconds
Number of updated asset objects reloaded before import = 0
Number of asset objects unloaded after import = 2
========================================================================
Received Import Request.
  Time since last request: 0.000055 seconds.
  path: Packages/com.unity.probuilder/Content/Resources/Materials/ProBuilderDefault.mat
  artifactKey: Guid(c22777d6e868e4f2fb421913386b154e) Importer(815301076,1909f56bfc062723c751e8b465ee728b)
Start importing Packages/com.unity.probuilder/Content/Resources/Materials/ProBuilderDefault.mat using Guid(c22777d6e868e4f2fb421913386b154e) Importer(815301076,1909f56bfc062723c751e8b465ee728b)  -> (artifact id: '60d2e7aae89e2107cc99a25e047d82a0') in 0.014261 seconds
Number of updated asset objects reloaded before import = 0
Number of asset objects unloaded after import = 2
========================================================================
Received Import Request.
  Time since last request: 0.000032 seconds.
  path: Packages/com.unity.probuilder/Content/Resources/Materials/StandardVertexColorHDRP.mat
  artifactKey: Guid(c35693c079f3840f7938a4a323096e84) Importer(815301076,1909f56bfc062723c751e8b465ee728b)
Start importing Packages/com.unity.probuilder/Content/Resources/Materials/StandardVertexColorHDRP.mat using Guid(c35693c079f3840f7938a4a323096e84) Importer(815301076,1909f56bfc062723c751e8b465ee728b)  -> (artifact id: '2a483987b4b7eea1b7d24f4dd181bff2') in 0.009512 seconds
Number of updated asset objects reloaded before import = 0
Number of asset objects unloaded after import = 2
========================================================================
Received Import Request.
  Time since last request: 466.589618 seconds.
  path: Assets/Samples/Splines/2.5.2/Spline Examples (requires Shader Graph package)/Models/Car/Materials/CarBumper.mat
  artifactKey: Guid(73bebb2138945460b8ff41276973c72d) Importer(815301076,1909f56bfc062723c751e8b465ee728b)
Start importing Assets/Samples/Splines/2.5.2/Spline Examples (requires Shader Graph package)/Models/Car/Materials/CarBumper.mat using Guid(73bebb2138945460b8ff41276973c72d) Importer(815301076,1909f56bfc062723c751e8b465ee728b)  -> (artifact id: '497dd1aeb6f800ca272471362d7607b2') in 0.994429 seconds
Number of updated asset objects reloaded before import = 0
Number of asset objects unloaded after import = 3
========================================================================
Received Import Request.
  Time since last request: 0.000036 seconds.
  path: Assets/Samples/Splines/2.5.2/Spline Examples (requires Shader Graph package)/Materials/PaintControlPointDot.mat
  artifactKey: Guid(fa23d916af788400bb8be24da09d9dba) Importer(815301076,1909f56bfc062723c751e8b465ee728b)
Start importing Assets/Samples/Splines/2.5.2/Spline Examples (requires Shader Graph package)/Materials/PaintControlPointDot.mat using Guid(fa23d916af788400bb8be24da09d9dba) Importer(815301076,1909f56bfc062723c751e8b465ee728b)  -> (artifact id: '396cc29f89ae8dcce5a68128ef08e621') in 0.507859 seconds
Number of updated asset objects reloaded before import = 0
Number of asset objects unloaded after import = 2
========================================================================
Received Import Request.
  Time since last request: 0.000059 seconds.
  path: Assets/Samples/Splines/2.5.2/Spline Examples (requires Shader Graph package)/Models/Ground/GroundFlat.fbx
  artifactKey: Guid(1724ac34c583f4e07aa355750acc784d) Importer(815301076,1909f56bfc062723c751e8b465ee728b)
Start importing Assets/Samples/Splines/2.5.2/Spline Examples (requires Shader Graph package)/Models/Ground/GroundFlat.fbx using Guid(1724ac34c583f4e07aa355750acc784d) Importer(815301076,1909f56bfc062723c751e8b465ee728b)  -> (artifact id: '31cda369293ff257de0cd03869dccc98') in 0.068490 seconds
Number of updated asset objects reloaded before import = 0
Number of asset objects unloaded after import = 8
========================================================================
Received Import Request.
  Time since last request: 0.000120 seconds.
  path: Assets/Samples/Splines/2.5.2/Spline Examples (requires Shader Graph package)/Models/Buildings/Materials/Walls02.mat
  artifactKey: Guid(c90dc39af68f94076b3d8d7b0355a77d) Importer(815301076,1909f56bfc062723c751e8b465ee728b)
Start importing Assets/Samples/Splines/2.5.2/Spline Examples (requires Shader Graph package)/Models/Buildings/Materials/Walls02.mat using Guid(c90dc39af68f94076b3d8d7b0355a77d) Importer(815301076,1909f56bfc062723c751e8b465ee728b)  -> (artifact id: '00f17022d7a947c82a4f1dcab18f6d4d') in 0.020131 seconds
Number of updated asset objects reloaded before import = 0
Number of asset objects unloaded after import = 2
========================================================================
Received Import Request.
  Time since last request: 0.000052 seconds.
  path: Assets/Samples/Splines/2.5.2/Spline Examples (requires Shader Graph package)/Models/Misc/Materials/Grass.mat
  artifactKey: Guid(5f11cf677353246588aff284acf8781a) Importer(815301076,1909f56bfc062723c751e8b465ee728b)
Start importing Assets/Samples/Splines/2.5.2/Spline Examples (requires Shader Graph package)/Models/Misc/Materials/Grass.mat using Guid(5f11cf677353246588aff284acf8781a) Importer(815301076,1909f56bfc062723c751e8b465ee728b)  -> (artifact id: '284bfe1cf9107c8653221fe6a35f16f6') in 0.027745 seconds
Number of updated asset objects reloaded before import = 0
Number of asset objects unloaded after import = 2
========================================================================
Received Import Request.
  Time since last request: 0.000037 seconds.
  path: Assets/Samples/Splines/2.5.2/Spline Examples (requires Shader Graph package)/Models/CrossWalk/Crosswalk.fbx
  artifactKey: Guid(38bc2eb9c189a42ab82d8ee83c195ac4) Importer(815301076,1909f56bfc062723c751e8b465ee728b)
Start importing Assets/Samples/Splines/2.5.2/Spline Examples (requires Shader Graph package)/Models/CrossWalk/Crosswalk.fbx using Guid(38bc2eb9c189a42ab82d8ee83c195ac4) Importer(815301076,1909f56bfc062723c751e8b465ee728b)  -> (artifact id: 'e7b39d9fd8316d0f5725369f7b6f2686') in 0.030298 seconds
Number of updated asset objects reloaded before import = 0
Number of asset objects unloaded after import = 8
========================================================================
Received Import Request.
  Time since last request: 0.000090 seconds.
  path: Assets/Samples/Splines/2.5.2/Spline Examples (requires Shader Graph package)/Models/Trees/Leaves.mat
  artifactKey: Guid(e16258ea68c23154eaf246aeda2a580d) Importer(815301076,1909f56bfc062723c751e8b465ee728b)
Start importing Assets/Samples/Splines/2.5.2/Spline Examples (requires Shader Graph package)/Models/Trees/Leaves.mat using Guid(e16258ea68c23154eaf246aeda2a580d) Importer(815301076,1909f56bfc062723c751e8b465ee728b)  -> (artifact id: 'd7366cf42c18b58ae611d37fd3ebf0bf') in 0.017620 seconds
Number of updated asset objects reloaded before import = 0
Number of asset objects unloaded after import = 2
========================================================================
Received Import Request.
  Time since last request: 0.000048 seconds.
  path: Assets/Samples/Splines/2.5.2/Spline Examples (requires Shader Graph package)/Models/Misc/Cobblestones.fbx
  artifactKey: Guid(ad093d10585d44af481d0e733e339a24) Importer(815301076,1909f56bfc062723c751e8b465ee728b)
Start importing Assets/Samples/Splines/2.5.2/Spline Examples (requires Shader Graph package)/Models/Misc/Cobblestones.fbx using Guid(ad093d10585d44af481d0e733e339a24) Importer(815301076,1909f56bfc062723c751e8b465ee728b)  -> (artifact id: '294f1c2116ae556354ca8659f9b62d27') in 0.023120 seconds
Number of updated asset objects reloaded before import = 0
Number of asset objects unloaded after import = 8
========================================================================
Received Import Request.
  Time since last request: 0.000037 seconds.
  path: Assets/Samples/Splines/2.5.2/Spline Examples (requires Shader Graph package)/Materials/Unlit Vertex Color.mat
  artifactKey: Guid(ccbdfc027c32429e1aaf1097f23ba1c0) Importer(815301076,1909f56bfc062723c751e8b465ee728b)
Start importing Assets/Samples/Splines/2.5.2/Spline Examples (requires Shader Graph package)/Materials/Unlit Vertex Color.mat using Guid(ccbdfc027c32429e1aaf1097f23ba1c0) Importer(815301076,1909f56bfc062723c751e8b465ee728b)  -> (artifact id: '3075f4188eab9cf0444398207c9409b3') in 0.259273 seconds
Number of updated asset objects reloaded before import = 0
Number of asset objects unloaded after import = 2
========================================================================
Received Import Request.
  Time since last request: 0.000052 seconds.
  path: Assets/Samples/Splines/2.5.2/Spline Examples (requires Shader Graph package)/Materials/Green.mat
  artifactKey: Guid(e46724ca0c9c05246afd35deeab291f1) Importer(815301076,1909f56bfc062723c751e8b465ee728b)
Start importing Assets/Samples/Splines/2.5.2/Spline Examples (requires Shader Graph package)/Materials/Green.mat using Guid(e46724ca0c9c05246afd35deeab291f1) Importer(815301076,1909f56bfc062723c751e8b465ee728b)  -> (artifact id: '3c254b5d08a7948e9ec43949ff81dac7') in 0.014221 seconds
Number of updated asset objects reloaded before import = 0
Number of asset objects unloaded after import = 2
========================================================================
Received Import Request.
  Time since last request: 0.000032 seconds.
  path: Assets/Samples/Splines/2.5.2/Spline Examples (requires Shader Graph package)/Shader/UnlitParticles.shadergraph
  artifactKey: Guid(b37e02ae7785644b08fc7b358a058bc4) Importer(815301076,1909f56bfc062723c751e8b465ee728b)
Start importing Assets/Samples/Splines/2.5.2/Spline Examples (requires Shader Graph package)/Shader/UnlitParticles.shadergraph using Guid(b37e02ae7785644b08fc7b358a058bc4) Importer(815301076,1909f56bfc062723c751e8b465ee728b)  -> (artifact id: '81cca66752032f0ef3f47eb152d3dff5') in 0.142374 seconds
Number of updated asset objects reloaded before import = 0
Number of asset objects unloaded after import = 2
========================================================================
Received Import Request.
  Time since last request: 0.000032 seconds.
  path: Assets/Samples/Splines/2.5.2/Spline Examples (requires Shader Graph package)/UI Toolkit/UnityThemes/UnityDefaultRuntimeTheme.tss
  artifactKey: Guid(167a39291235b4843a07ea4626fd8bf5) Importer(815301076,1909f56bfc062723c751e8b465ee728b)
Start importing Assets/Samples/Splines/2.5.2/Spline Examples (requires Shader Graph package)/UI Toolkit/UnityThemes/UnityDefaultRuntimeTheme.tss using Guid(167a39291235b4843a07ea4626fd8bf5) Importer(815301076,1909f56bfc062723c751e8b465ee728b)  -> (artifact id: '9c51ee0e03454e0fdb50f3e75273ece1') in 0.133293 seconds
Number of updated asset objects reloaded before import = 0
Number of asset objects unloaded after import = 24
========================================================================
Received Import Request.
  Time since last request: 0.000059 seconds.
  path: Assets/Samples/Splines/2.5.2/Spline Examples (requires Shader Graph package)/Models/Fence/Fence.mat
  artifactKey: Guid(f38ea4ccb37704b428c74f4736a967e0) Importer(815301076,1909f56bfc062723c751e8b465ee728b)
Start importing Assets/Samples/Splines/2.5.2/Spline Examples (requires Shader Graph package)/Models/Fence/Fence.mat using Guid(f38ea4ccb37704b428c74f4736a967e0) Importer(815301076,1909f56bfc062723c751e8b465ee728b)  -> (artifact id: '0616a9eca7b652a3dfdf681916ef11f4') in 0.016408 seconds
Number of updated asset objects reloaded before import = 0
Number of asset objects unloaded after import = 2
========================================================================
Received Import Request.
  Time since last request: 0.000078 seconds.
  path: Assets/Samples/Splines/2.5.2/Spline Examples (requires Shader Graph package)/Models/Car/Materials/CarChassis.mat
  artifactKey: Guid(abd305f4e01bc4dcc9fa1e3503253116) Importer(815301076,1909f56bfc062723c751e8b465ee728b)
Start importing Assets/Samples/Splines/2.5.2/Spline Examples (requires Shader Graph package)/Models/Car/Materials/CarChassis.mat using Guid(abd305f4e01bc4dcc9fa1e3503253116) Importer(815301076,1909f56bfc062723c751e8b465ee728b)  -> (artifact id: '45673104f520bdf92f7f5b4c83ec0e7a') in 0.021753 seconds
Number of updated asset objects reloaded before import = 0
Number of asset objects unloaded after import = 3
========================================================================
Received Import Request.
  Time since last request: 0.001909 seconds.
  path: Assets/Samples/Splines/2.5.2/Spline Examples (requires Shader Graph package)/Resources/Road.mat
  artifactKey: Guid(2b71bb2af5e034e8b81437cb81be47a3) Importer(815301076,1909f56bfc062723c751e8b465ee728b)
Start importing Assets/Samples/Splines/2.5.2/Spline Examples (requires Shader Graph package)/Resources/Road.mat using Guid(2b71bb2af5e034e8b81437cb81be47a3) Importer(815301076,1909f56bfc062723c751e8b465ee728b)  -> (artifact id: 'f32952b8112c9037ac863938c1268bec') in 0.016536 seconds
Number of updated asset objects reloaded before import = 0
Number of asset objects unloaded after import = 3
========================================================================
Received Import Request.
  Time since last request: 0.000030 seconds.
  path: Assets/Samples/Splines/2.5.2/Spline Examples (requires Shader Graph package)/Materials/Checker.mat
  artifactKey: Guid(302ecb83b4f464dfba8418de7af4c128) Importer(815301076,1909f56bfc062723c751e8b465ee728b)
Start importing Assets/Samples/Splines/2.5.2/Spline Examples (requires Shader Graph package)/Materials/Checker.mat using Guid(302ecb83b4f464dfba8418de7af4c128) Importer(815301076,1909f56bfc062723c751e8b465ee728b)  -> (artifact id: '2a145f4d43f9421beed7f108745a0e00') in 0.020820 seconds
Number of updated asset objects reloaded before import = 0
Number of asset objects unloaded after import = 3
========================================================================
Received Import Request.
  Time since last request: 0.000022 seconds.
  path: Assets/Samples/Splines/2.5.2/Spline Examples (requires Shader Graph package)/Models/Buildings/Materials/Roof01.mat
  artifactKey: Guid(b84c3dd96fc5a44228374e69a19867e7) Importer(815301076,1909f56bfc062723c751e8b465ee728b)
Start importing Assets/Samples/Splines/2.5.2/Spline Examples (requires Shader Graph package)/Models/Buildings/Materials/Roof01.mat using Guid(b84c3dd96fc5a44228374e69a19867e7) Importer(815301076,1909f56bfc062723c751e8b465ee728b)  -> (artifact id: '21fadf16bc18e7fc5ff38f09777ea0d0') in 0.016190 seconds
Number of updated asset objects reloaded before import = 0
Number of asset objects unloaded after import = 2
